11-24 18:45:03 seed: 0
11-24 18:45:03 label_type: 3_25.2
11-24 18:45:03 model_name: CADRN
11-24 18:45:03 pretrained_model_name: densenet121
11-24 18:45:03 data_name: DONG
11-24 18:45:03 data_dir: ./label/DONG_label
11-24 18:45:03 normlizetype: 0-1
11-24 18:45:03 processing_type: custom
11-24 18:45:03 cuda_device: 0
11-24 18:45:03 checkpoint_dir: ./checkpoint
11-24 18:45:03 pretrained: False
11-24 18:45:03 batch_size: 2
11-24 18:45:03 num_workers: 0
11-24 18:45:03 opt: sgd
11-24 18:45:03 lr: 0.001
11-24 18:45:03 momentum: 0.9
11-24 18:45:03 weight_decay: 1e-05
11-24 18:45:03 lr_scheduler: stepLR
11-24 18:45:03 gamma: 0.9
11-24 18:45:03 steps: 10
11-24 18:45:03 max_epoch: 50
11-24 18:45:03 print_step: 100
11-24 18:45:03 using 1 gpus
11-24 18:45:04 ----------Epoch 0/49----------
11-24 18:45:04 current lr: [0.001]
