11-24 16:00:44 seed: 0
11-24 16:00:44 label_type: 3_25.2
11-24 16:00:44 model_name: CADRN
11-24 16:00:44 pretrained_model_name: densenet121
11-24 16:00:44 data_name: DONG
11-24 16:00:44 data_dir: ./label/DONG_label
11-24 16:00:44 normlizetype: 0-1
11-24 16:00:44 processing_type: custom
11-24 16:00:44 cuda_device: 0
11-24 16:00:44 checkpoint_dir: ./checkpoint
11-24 16:00:44 pretrained: False
11-24 16:00:44 batch_size: 16
11-24 16:00:44 num_workers: 0
11-24 16:00:44 opt: sgd
11-24 16:00:44 lr: 0.001
11-24 16:00:44 momentum: 0.9
11-24 16:00:44 weight_decay: 1e-05
11-24 16:00:44 lr_scheduler: stepLR
11-24 16:00:44 gamma: 0.9
11-24 16:00:44 steps: 10
11-24 16:00:44 max_epoch: 50
11-24 16:00:44 print_step: 100
11-24 16:00:44 using 1 gpus
11-24 16:00:47 ----------Epoch 0/49----------
11-24 16:00:47 current lr: [0.001]
