10-05 20:40:28 seed: 0
10-05 20:40:28 label_type: 3_25.2
10-05 20:40:28 model_name: Vit
10-05 20:40:28 data_name: CQDX
10-05 20:40:28 data_dir: ./label/CQDX_label
10-05 20:40:28 normlizetype: 0-1
10-05 20:40:28 processing_type: custom
10-05 20:40:28 cuda_device: 0
10-05 20:40:28 checkpoint_dir: ./checkpoint
10-05 20:40:28 pretrained: False
10-05 20:40:28 batch_size: 4
10-05 20:40:28 num_workers: 0
10-05 20:40:28 opt: adam
10-05 20:40:28 lr: 0.001
10-05 20:40:28 momentum: 0.9
10-05 20:40:28 weight_decay: 1e-05
10-05 20:40:28 lr_scheduler: stepLR
10-05 20:40:28 gamma: 0.5
10-05 20:40:28 steps: 10
10-05 20:40:28 max_epoch: 50
10-05 20:40:28 print_step: 100
10-05 20:40:28 using 1 gpus
