11-24 16:06:47 seed: 0
11-24 16:06:47 label_type: 3_25.2
11-24 16:06:47 model_name: CADRN
11-24 16:06:47 pretrained_model_name: densenet121
11-24 16:06:47 data_name: DONG
11-24 16:06:47 data_dir: ./label/DONG_label
11-24 16:06:47 normlizetype: 0-1
11-24 16:06:47 processing_type: custom
11-24 16:06:47 cuda_device: 0
11-24 16:06:47 checkpoint_dir: ./checkpoint
11-24 16:06:47 pretrained: False
11-24 16:06:47 batch_size: 8
11-24 16:06:47 num_workers: 0
11-24 16:06:47 opt: sgd
11-24 16:06:47 lr: 0.001
11-24 16:06:47 momentum: 0.9
11-24 16:06:47 weight_decay: 1e-05
11-24 16:06:47 lr_scheduler: stepLR
11-24 16:06:47 gamma: 0.9
11-24 16:06:47 steps: 10
11-24 16:06:47 max_epoch: 50
11-24 16:06:47 print_step: 100
11-24 16:06:47 using 1 gpus
11-24 16:06:49 ----------Epoch 0/49----------
11-24 16:06:49 current lr: [0.001]
