11-24 15:59:06 seed: 0
11-24 15:59:06 label_type: 3_25.2
11-24 15:59:06 model_name: CADRN
11-24 15:59:06 pretrained_model_name: densenet121
11-24 15:59:06 data_name: DONG
11-24 15:59:06 data_dir: ./label/DONG_label
11-24 15:59:06 normlizetype: 0-1
11-24 15:59:06 processing_type: custom
11-24 15:59:06 cuda_device: 0
11-24 15:59:06 checkpoint_dir: ./checkpoint
11-24 15:59:06 pretrained: False
11-24 15:59:06 batch_size: 16
11-24 15:59:06 num_workers: 0
11-24 15:59:06 opt: sgd
11-24 15:59:06 lr: 0.001
11-24 15:59:06 momentum: 0.9
11-24 15:59:06 weight_decay: 1e-05
11-24 15:59:06 lr_scheduler: stepLR
11-24 15:59:06 gamma: 0.9
11-24 15:59:06 steps: 10
11-24 15:59:06 max_epoch: 50
11-24 15:59:06 print_step: 100
11-24 15:59:06 using 1 gpus
