09-10 09:56:46 seed: 0
09-10 09:56:46 label_type: 3_25.2
09-10 09:56:46 model_name: WtCnn
09-10 09:56:46 data_name: KNDG
09-10 09:56:46 data_dir: ./label/CQDX_label
09-10 09:56:46 normlizetype: 0-1
09-10 09:56:46 processing_type: custom
09-10 09:56:46 cuda_device: 0
09-10 09:56:46 checkpoint_dir: ./checkpoint
09-10 09:56:46 pretrained: False
09-10 09:56:46 batch_size: 64
09-10 09:56:46 num_workers: 0
09-10 09:56:46 opt: sgd
09-10 09:56:46 lr: 0.001
09-10 09:56:46 momentum: 0.9
09-10 09:56:46 weight_decay: 1e-05
09-10 09:56:46 lr_scheduler: stepLR
09-10 09:56:46 gamma: 0.9
09-10 09:56:46 steps: 10
09-10 09:56:46 max_epoch: 50
09-10 09:56:46 print_step: 100
09-10 09:56:46 using 1 gpus
09-10 09:56:48 ----------Epoch 0/49----------
09-10 09:56:48 current lr: [0.001]
09-10 09:56:50 Epoch: 0 [0/648], Train Loss: 0.1025 Train Acc: 0.1094,31.4 examples/sec 2.04 sec/batch
09-10 09:56:50 Epoch: 0 train-Loss: 0.1132 train-Acc: 0.1111, Cost 2.9306 sec
09-10 09:56:51 Epoch: 0 val-Loss: 0.1155 val-Acc: 0.1111, Cost 0.4204 sec
09-10 09:56:51 save best model epoch 0, acc 0.1111
09-10 09:56:51 ----------Epoch 1/49----------
09-10 09:56:51 current lr: [0.001]
09-10 09:56:52 Epoch: 1 train-Loss: 0.1128 train-Acc: 0.1111, Cost 0.9851 sec
09-10 09:56:52 Epoch: 1 val-Loss: 0.1150 val-Acc: 0.1111, Cost 0.4159 sec
09-10 09:56:52 ----------Epoch 2/49----------
09-10 09:56:52 current lr: [0.001]
09-10 09:56:53 Epoch: 2 train-Loss: 0.1123 train-Acc: 0.1111, Cost 0.9877 sec
09-10 09:56:54 Epoch: 2 val-Loss: 0.1147 val-Acc: 0.1111, Cost 0.4149 sec
09-10 09:56:54 ----------Epoch 3/49----------
09-10 09:56:54 current lr: [0.001]
09-10 09:56:55 Epoch: 3 train-Loss: 0.1120 train-Acc: 0.1481, Cost 0.9874 sec
09-10 09:56:55 Epoch: 3 val-Loss: 0.1145 val-Acc: 0.1667, Cost 0.4169 sec
09-10 09:56:55 save best model epoch 3, acc 0.1667
09-10 09:56:55 ----------Epoch 4/49----------
09-10 09:56:55 current lr: [0.001]
09-10 09:56:56 Epoch: 4 train-Loss: 0.1120 train-Acc: 0.1466, Cost 0.9884 sec
09-10 09:56:56 Epoch: 4 val-Loss: 0.1143 val-Acc: 0.1111, Cost 0.4159 sec
09-10 09:56:56 ----------Epoch 5/49----------
09-10 09:56:56 current lr: [0.001]
09-10 09:56:57 Epoch: 5 train-Loss: 0.1118 train-Acc: 0.1852, Cost 0.9845 sec
09-10 09:56:58 Epoch: 5 val-Loss: 0.1143 val-Acc: 0.2083, Cost 0.4154 sec
09-10 09:56:58 save best model epoch 5, acc 0.2083
09-10 09:56:58 ----------Epoch 6/49----------
09-10 09:56:58 current lr: [0.001]
09-10 09:56:59 Epoch: 6 train-Loss: 0.1117 train-Acc: 0.1806, Cost 0.9831 sec
09-10 09:56:59 Epoch: 6 val-Loss: 0.1142 val-Acc: 0.2153, Cost 0.4162 sec
09-10 09:56:59 save best model epoch 6, acc 0.2153
09-10 09:56:59 ----------Epoch 7/49----------
09-10 09:56:59 current lr: [0.001]
09-10 09:57:00 Epoch: 7 train-Loss: 0.1117 train-Acc: 0.1528, Cost 0.9804 sec
09-10 09:57:01 Epoch: 7 val-Loss: 0.1142 val-Acc: 0.1111, Cost 0.4164 sec
09-10 09:57:01 ----------Epoch 8/49----------
09-10 09:57:01 current lr: [0.001]
09-10 09:57:02 Epoch: 8 train-Loss: 0.1118 train-Acc: 0.1111, Cost 0.9846 sec
09-10 09:57:02 Epoch: 8 val-Loss: 0.1141 val-Acc: 0.1111, Cost 0.4145 sec
09-10 09:57:02 ----------Epoch 9/49----------
09-10 09:57:02 current lr: [0.001]
09-10 09:57:02 Epoch: 9 [64/648], Train Loss: 0.1120 Train Acc: 0.1392,462.2 examples/sec 0.13 sec/batch
09-10 09:57:03 Epoch: 9 train-Loss: 0.1117 train-Acc: 0.1127, Cost 0.9790 sec
09-10 09:57:04 Epoch: 9 val-Loss: 0.1141 val-Acc: 0.2569, Cost 0.4125 sec
09-10 09:57:04 save best model epoch 9, acc 0.2569
09-10 09:57:04 ----------Epoch 10/49----------
09-10 09:57:04 current lr: [0.0009000000000000001]
09-10 09:57:04 Epoch: 10 train-Loss: 0.1115 train-Acc: 0.2299, Cost 0.9741 sec
09-10 09:57:05 Epoch: 10 val-Loss: 0.1140 val-Acc: 0.1250, Cost 0.4115 sec
09-10 09:57:05 ----------Epoch 11/49----------
09-10 09:57:05 current lr: [0.0009000000000000001]
09-10 09:57:06 Epoch: 11 train-Loss: 0.1114 train-Acc: 0.1296, Cost 0.9742 sec
09-10 09:57:06 Epoch: 11 val-Loss: 0.1139 val-Acc: 0.1458, Cost 0.4129 sec
09-10 09:57:06 ----------Epoch 12/49----------
09-10 09:57:06 current lr: [0.0009000000000000001]
09-10 09:57:07 Epoch: 12 train-Loss: 0.1114 train-Acc: 0.2809, Cost 0.9767 sec
09-10 09:57:08 Epoch: 12 val-Loss: 0.1139 val-Acc: 0.3889, Cost 0.4119 sec
09-10 09:57:08 save best model epoch 12, acc 0.3889
09-10 09:57:08 ----------Epoch 13/49----------
09-10 09:57:08 current lr: [0.0009000000000000001]
09-10 09:57:09 Epoch: 13 train-Loss: 0.1114 train-Acc: 0.2870, Cost 0.9750 sec
09-10 09:57:09 Epoch: 13 val-Loss: 0.1139 val-Acc: 0.2361, Cost 0.4139 sec
09-10 09:57:09 ----------Epoch 14/49----------
09-10 09:57:09 current lr: [0.0009000000000000001]
09-10 09:57:10 Epoch: 14 train-Loss: 0.1114 train-Acc: 0.1466, Cost 0.9728 sec
09-10 09:57:10 Epoch: 14 val-Loss: 0.1138 val-Acc: 0.1181, Cost 0.4119 sec
09-10 09:57:10 ----------Epoch 15/49----------
09-10 09:57:10 current lr: [0.0009000000000000001]
09-10 09:57:11 Epoch: 15 train-Loss: 0.1112 train-Acc: 0.1574, Cost 0.9770 sec
09-10 09:57:12 Epoch: 15 val-Loss: 0.1137 val-Acc: 0.1806, Cost 0.4125 sec
09-10 09:57:12 ----------Epoch 16/49----------
09-10 09:57:12 current lr: [0.0009000000000000001]
09-10 09:57:13 Epoch: 16 train-Loss: 0.1113 train-Acc: 0.1142, Cost 0.9733 sec
09-10 09:57:13 Epoch: 16 val-Loss: 0.1137 val-Acc: 0.1111, Cost 0.4129 sec
09-10 09:57:13 ----------Epoch 17/49----------
09-10 09:57:13 current lr: [0.0009000000000000001]
09-10 09:57:14 Epoch: 17 train-Loss: 0.1112 train-Acc: 0.2577, Cost 0.9725 sec
09-10 09:57:15 Epoch: 17 val-Loss: 0.1136 val-Acc: 0.4479, Cost 0.4115 sec
09-10 09:57:15 save best model epoch 17, acc 0.4479
09-10 09:57:15 ----------Epoch 18/49----------
09-10 09:57:15 current lr: [0.0009000000000000001]
09-10 09:57:15 Epoch: 18 [128/648], Train Loss: 0.1113 Train Acc: 0.2017,467.5 examples/sec 0.13 sec/batch
09-10 09:57:16 Epoch: 18 train-Loss: 0.1110 train-Acc: 0.4074, Cost 0.9770 sec
09-10 09:57:16 Epoch: 18 val-Loss: 0.1135 val-Acc: 0.3924, Cost 0.4145 sec
09-10 09:57:16 ----------Epoch 19/49----------
09-10 09:57:16 current lr: [0.0009000000000000001]
09-10 09:57:17 Epoch: 19 train-Loss: 0.1109 train-Acc: 0.4182, Cost 0.9820 sec
09-10 09:57:17 Epoch: 19 val-Loss: 0.1134 val-Acc: 0.5174, Cost 0.4115 sec
09-10 09:57:17 save best model epoch 19, acc 0.5174
09-10 09:57:17 ----------Epoch 20/49----------
09-10 09:57:17 current lr: [0.0008100000000000001]
09-10 09:57:18 Epoch: 20 train-Loss: 0.1109 train-Acc: 0.5340, Cost 0.9775 sec
09-10 09:57:19 Epoch: 20 val-Loss: 0.1134 val-Acc: 0.5486, Cost 0.4104 sec
09-10 09:57:19 save best model epoch 20, acc 0.5486
09-10 09:57:19 ----------Epoch 21/49----------
09-10 09:57:19 current lr: [0.0008100000000000001]
09-10 09:57:20 Epoch: 21 train-Loss: 0.1108 train-Acc: 0.4552, Cost 0.9810 sec
09-10 09:57:20 Epoch: 21 val-Loss: 0.1133 val-Acc: 0.3993, Cost 0.4169 sec
09-10 09:57:20 ----------Epoch 22/49----------
09-10 09:57:20 current lr: [0.0008100000000000001]
09-10 09:57:21 Epoch: 22 train-Loss: 0.1108 train-Acc: 0.3796, Cost 0.9820 sec
09-10 09:57:22 Epoch: 22 val-Loss: 0.1133 val-Acc: 0.4167, Cost 0.4135 sec
09-10 09:57:22 ----------Epoch 23/49----------
09-10 09:57:22 current lr: [0.0008100000000000001]
09-10 09:57:23 Epoch: 23 train-Loss: 0.1108 train-Acc: 0.4275, Cost 0.9780 sec
09-10 09:57:23 Epoch: 23 val-Loss: 0.1132 val-Acc: 0.4201, Cost 0.4180 sec
09-10 09:57:23 ----------Epoch 24/49----------
09-10 09:57:23 current lr: [0.0008100000000000001]
09-10 09:57:24 Epoch: 24 train-Loss: 0.1107 train-Acc: 0.4213, Cost 0.9762 sec
09-10 09:57:24 Epoch: 24 val-Loss: 0.1131 val-Acc: 0.4618, Cost 0.4119 sec
09-10 09:57:24 ----------Epoch 25/49----------
09-10 09:57:24 current lr: [0.0008100000000000001]
09-10 09:57:25 Epoch: 25 train-Loss: 0.1106 train-Acc: 0.4769, Cost 0.9817 sec
09-10 09:57:26 Epoch: 25 val-Loss: 0.1130 val-Acc: 0.5000, Cost 0.4158 sec
09-10 09:57:26 ----------Epoch 26/49----------
09-10 09:57:26 current lr: [0.0008100000000000001]
09-10 09:57:27 Epoch: 26 train-Loss: 0.1106 train-Acc: 0.4645, Cost 0.9787 sec
09-10 09:57:27 Epoch: 26 val-Loss: 0.1130 val-Acc: 0.4757, Cost 0.4259 sec
09-10 09:57:27 ----------Epoch 27/49----------
09-10 09:57:27 current lr: [0.0008100000000000001]
09-10 09:57:28 Epoch: 27 [192/648], Train Loss: 0.1107 Train Acc: 0.4447,465.2 examples/sec 0.13 sec/batch
09-10 09:57:28 Epoch: 27 train-Loss: 0.1105 train-Acc: 0.5571, Cost 0.9767 sec
09-10 09:57:29 Epoch: 27 val-Loss: 0.1129 val-Acc: 0.6424, Cost 0.4105 sec
09-10 09:57:29 save best model epoch 27, acc 0.6424
09-10 09:57:29 ----------Epoch 28/49----------
09-10 09:57:29 current lr: [0.0008100000000000001]
09-10 09:57:30 Epoch: 28 train-Loss: 0.1103 train-Acc: 0.6466, Cost 0.9806 sec
09-10 09:57:30 Epoch: 28 val-Loss: 0.1128 val-Acc: 0.6181, Cost 0.4164 sec
09-10 09:57:30 ----------Epoch 29/49----------
09-10 09:57:30 current lr: [0.0008100000000000001]
09-10 09:57:31 Epoch: 29 train-Loss: 0.1103 train-Acc: 0.5216, Cost 0.9844 sec
09-10 09:57:31 Epoch: 29 val-Loss: 0.1128 val-Acc: 0.4792, Cost 0.4152 sec
09-10 09:57:31 ----------Epoch 30/49----------
09-10 09:57:31 current lr: [0.000729]
09-10 09:57:32 Epoch: 30 train-Loss: 0.1102 train-Acc: 0.4336, Cost 0.9789 sec
09-10 09:57:33 Epoch: 30 val-Loss: 0.1127 val-Acc: 0.4132, Cost 0.4125 sec
09-10 09:57:33 ----------Epoch 31/49----------
09-10 09:57:33 current lr: [0.000729]
09-10 09:57:34 Epoch: 31 train-Loss: 0.1101 train-Acc: 0.3596, Cost 0.9838 sec
09-10 09:57:34 Epoch: 31 val-Loss: 0.1126 val-Acc: 0.3333, Cost 0.4127 sec
09-10 09:57:34 ----------Epoch 32/49----------
09-10 09:57:34 current lr: [0.000729]
09-10 09:57:35 Epoch: 32 train-Loss: 0.1101 train-Acc: 0.3410, Cost 0.9761 sec
09-10 09:57:36 Epoch: 32 val-Loss: 0.1126 val-Acc: 0.3333, Cost 0.4164 sec
09-10 09:57:36 ----------Epoch 33/49----------
09-10 09:57:36 current lr: [0.000729]
09-10 09:57:37 Epoch: 33 train-Loss: 0.1100 train-Acc: 0.3873, Cost 0.9771 sec
09-10 09:57:37 Epoch: 33 val-Loss: 0.1125 val-Acc: 0.4583, Cost 0.4129 sec
09-10 09:57:37 ----------Epoch 34/49----------
09-10 09:57:37 current lr: [0.000729]
09-10 09:57:38 Epoch: 34 train-Loss: 0.1099 train-Acc: 0.5201, Cost 0.9742 sec
09-10 09:57:38 Epoch: 34 val-Loss: 0.1124 val-Acc: 0.5521, Cost 0.4109 sec
09-10 09:57:38 ----------Epoch 35/49----------
09-10 09:57:38 current lr: [0.000729]
09-10 09:57:39 Epoch: 35 train-Loss: 0.1098 train-Acc: 0.5108, Cost 0.9763 sec
09-10 09:57:40 Epoch: 35 val-Loss: 0.1123 val-Acc: 0.4896, Cost 0.4129 sec
09-10 09:57:40 ----------Epoch 36/49----------
09-10 09:57:40 current lr: [0.000729]
09-10 09:57:40 Epoch: 36 [256/648], Train Loss: 0.1100 Train Acc: 0.4764,466.6 examples/sec 0.13 sec/batch
09-10 09:57:41 Epoch: 36 train-Loss: 0.1097 train-Acc: 0.4923, Cost 0.9807 sec
09-10 09:57:41 Epoch: 36 val-Loss: 0.1122 val-Acc: 0.5486, Cost 0.4139 sec
09-10 09:57:41 ----------Epoch 37/49----------
09-10 09:57:41 current lr: [0.000729]
09-10 09:57:42 Epoch: 37 train-Loss: 0.1097 train-Acc: 0.5617, Cost 0.9867 sec
09-10 09:57:43 Epoch: 37 val-Loss: 0.1121 val-Acc: 0.5868, Cost 0.4109 sec
09-10 09:57:43 ----------Epoch 38/49----------
09-10 09:57:43 current lr: [0.000729]
09-10 09:57:44 Epoch: 38 train-Loss: 0.1095 train-Acc: 0.6744, Cost 0.9836 sec
09-10 09:57:44 Epoch: 38 val-Loss: 0.1120 val-Acc: 0.5903, Cost 0.4114 sec
09-10 09:57:44 ----------Epoch 39/49----------
09-10 09:57:44 current lr: [0.000729]
09-10 09:57:45 Epoch: 39 train-Loss: 0.1095 train-Acc: 0.4213, Cost 0.9770 sec
09-10 09:57:45 Epoch: 39 val-Loss: 0.1119 val-Acc: 0.2778, Cost 0.4110 sec
09-10 09:57:45 ----------Epoch 40/49----------
09-10 09:57:45 current lr: [0.0006561000000000001]
09-10 09:57:46 Epoch: 40 train-Loss: 0.1095 train-Acc: 0.3210, Cost 0.9826 sec
09-10 09:57:47 Epoch: 40 val-Loss: 0.1118 val-Acc: 0.3333, Cost 0.4134 sec
09-10 09:57:47 ----------Epoch 41/49----------
09-10 09:57:47 current lr: [0.0006561000000000001]
09-10 09:57:48 Epoch: 41 train-Loss: 0.1093 train-Acc: 0.3935, Cost 0.9825 sec
09-10 09:57:48 Epoch: 41 val-Loss: 0.1117 val-Acc: 0.4444, Cost 0.4125 sec
09-10 09:57:48 ----------Epoch 42/49----------
09-10 09:57:48 current lr: [0.0006561000000000001]
09-10 09:57:49 Epoch: 42 train-Loss: 0.1091 train-Acc: 0.5617, Cost 0.9802 sec
09-10 09:57:50 Epoch: 42 val-Loss: 0.1116 val-Acc: 0.6667, Cost 0.4144 sec
09-10 09:57:50 save best model epoch 42, acc 0.6667
09-10 09:57:50 ----------Epoch 43/49----------
09-10 09:57:50 current lr: [0.0006561000000000001]
09-10 09:57:51 Epoch: 43 train-Loss: 0.1091 train-Acc: 0.6682, Cost 0.9792 sec
09-10 09:57:51 Epoch: 43 val-Loss: 0.1115 val-Acc: 0.6597, Cost 0.4149 sec
09-10 09:57:51 ----------Epoch 44/49----------
09-10 09:57:51 current lr: [0.0006561000000000001]
09-10 09:57:52 Epoch: 44 train-Loss: 0.1090 train-Acc: 0.5941, Cost 0.9777 sec
09-10 09:57:52 Epoch: 44 val-Loss: 0.1114 val-Acc: 0.5694, Cost 0.4129 sec
09-10 09:57:52 ----------Epoch 45/49----------
09-10 09:57:52 current lr: [0.0006561000000000001]
09-10 09:57:53 Epoch: 45 [320/648], Train Loss: 0.1092 Train Acc: 0.5249,465.8 examples/sec 0.13 sec/batch
09-10 09:57:53 Epoch: 45 train-Loss: 0.1090 train-Acc: 0.5586, Cost 0.9766 sec
09-10 09:57:54 Epoch: 45 val-Loss: 0.1113 val-Acc: 0.5451, Cost 0.4150 sec
09-10 09:57:54 ----------Epoch 46/49----------
09-10 09:57:54 current lr: [0.0006561000000000001]
09-10 09:57:55 Epoch: 46 train-Loss: 0.1088 train-Acc: 0.7238, Cost 0.9770 sec
09-10 09:57:55 Epoch: 46 val-Loss: 0.1112 val-Acc: 0.7778, Cost 0.4133 sec
09-10 09:57:55 save best model epoch 46, acc 0.7778
09-10 09:57:55 ----------Epoch 47/49----------
09-10 09:57:55 current lr: [0.0006561000000000001]
09-10 09:57:56 Epoch: 47 train-Loss: 0.1086 train-Acc: 0.6960, Cost 0.9749 sec
09-10 09:57:56 Epoch: 47 val-Loss: 0.1110 val-Acc: 0.6493, Cost 0.4120 sec
09-10 09:57:56 ----------Epoch 48/49----------
09-10 09:57:56 current lr: [0.0006561000000000001]
09-10 09:57:57 Epoch: 48 train-Loss: 0.1086 train-Acc: 0.6559, Cost 0.9741 sec
09-10 09:57:58 Epoch: 48 val-Loss: 0.1109 val-Acc: 0.6667, Cost 0.4125 sec
09-10 09:57:58 ----------Epoch 49/49----------
09-10 09:57:58 current lr: [0.0006561000000000001]
09-10 09:57:59 Epoch: 49 train-Loss: 0.1085 train-Acc: 0.7253, Cost 0.9748 sec
09-10 09:57:59 Epoch: 49 val-Loss: 0.1108 val-Acc: 0.7049, Cost 0.4119 sec
09-10 09:57:59 save best model epoch 49, acc 0.7049
