11-24 15:39:18 seed: 0
11-24 15:39:18 label_type: 3_25.2
11-24 15:39:18 model_name: CADRN
11-24 15:39:18 pretrained_model_name: densenet121
11-24 15:39:18 data_name: DONG
11-24 15:39:18 data_dir: ./label/DONG_label
11-24 15:39:18 normlizetype: 0-1
11-24 15:39:18 processing_type: custom
11-24 15:39:18 cuda_device: 1,2
11-24 15:39:18 checkpoint_dir: ./checkpoint
11-24 15:39:18 pretrained: False
11-24 15:39:18 batch_size: 16
11-24 15:39:18 num_workers: 0
11-24 15:39:18 opt: sgd
11-24 15:39:18 lr: 0.001
11-24 15:39:18 momentum: 0.9
11-24 15:39:18 weight_decay: 1e-05
11-24 15:39:18 lr_scheduler: stepLR
11-24 15:39:18 gamma: 0.9
11-24 15:39:18 steps: 10
11-24 15:39:18 max_epoch: 50
11-24 15:39:18 print_step: 100
11-24 15:39:18 using 2 gpus
11-24 15:39:25 ----------Epoch 0/49----------
11-24 15:39:25 current lr: [0.001]
